{"/Users/aleksejpopov/Desktop/frontend-project-lvl2/formatters/index.js": {"path":"/Users/aleksejpopov/Desktop/frontend-project-lvl2/formatters/index.js","all":false,"statementMap":{"0":{"start":{"line":1,"column":0},"end":{"line":1,"column":35}},"1":{"start":{"line":2,"column":0},"end":{"line":2,"column":0}},"2":{"start":{"line":3,"column":0},"end":{"line":3,"column":3}},"3":{"start":{"line":4,"column":0},"end":{"line":4,"column":25}},"4":{"start":{"line":5,"column":0},"end":{"line":5,"column":28}},"5":{"start":{"line":6,"column":0},"end":{"line":6,"column":26}},"6":{"start":{"line":7,"column":0},"end":{"line":7,"column":3}},"7":{"start":{"line":8,"column":0},"end":{"line":8,"column":38}},"8":{"start":{"line":9,"column":0},"end":{"line":9,"column":23}},"9":{"start":{"line":10,"column":0},"end":{"line":10,"column":19}},"10":{"start":{"line":11,"column":0},"end":{"line":11,"column":27}},"11":{"start":{"line":12,"column":0},"end":{"line":12,"column":3}},"12":{"start":{"line":13,"column":0},"end":{"line":13,"column":2}}},"s":{"0":1,"1":1,"2":1,"3":1,"4":1,"5":1,"6":1,"7":1,"8":3,"9":3,"10":3,"11":3,"12":3},"branchMap":{"0":{"type":"branch","line":8,"loc":{"start":{"line":8,"column":15},"end":{"line":13,"column":2}},"locations":[{"start":{"line":8,"column":15},"end":{"line":13,"column":2}}]}},"b":{"0":[3]},"fnMap":{"0":{"name":"default","decl":{"start":{"line":8,"column":15},"end":{"line":13,"column":2}},"loc":{"start":{"line":8,"column":15},"end":{"line":13,"column":2}},"line":8}},"f":{"0":3}}
,"/Users/aleksejpopov/Desktop/frontend-project-lvl2/formatters/stylish.js": {"path":"/Users/aleksejpopov/Desktop/frontend-project-lvl2/formatters/stylish.js","all":false,"statementMap":{"0":{"start":{"line":1,"column":0},"end":{"line":1,"column":23}},"1":{"start":{"line":2,"column":0},"end":{"line":2,"column":0}},"2":{"start":{"line":3,"column":0},"end":{"line":3,"column":3}},"3":{"start":{"line":4,"column":0},"end":{"line":4,"column":38}},"4":{"start":{"line":5,"column":0},"end":{"line":5,"column":42}},"5":{"start":{"line":6,"column":0},"end":{"line":6,"column":36}},"6":{"start":{"line":7,"column":0},"end":{"line":7,"column":11}},"7":{"start":{"line":8,"column":0},"end":{"line":8,"column":24}},"8":{"start":{"line":9,"column":0},"end":{"line":9,"column":4}},"9":{"start":{"line":10,"column":0},"end":{"line":10,"column":11}},"10":{"start":{"line":11,"column":0},"end":{"line":11,"column":13}},"11":{"start":{"line":12,"column":0},"end":{"line":12,"column":11}},"12":{"start":{"line":13,"column":0},"end":{"line":13,"column":4}},"13":{"start":{"line":14,"column":0},"end":{"line":14,"column":3}},"14":{"start":{"line":15,"column":0},"end":{"line":15,"column":73}},"15":{"start":{"line":16,"column":0},"end":{"line":16,"column":0}},"16":{"start":{"line":17,"column":0},"end":{"line":17,"column":3}},"17":{"start":{"line":18,"column":0},"end":{"line":18,"column":24}},"18":{"start":{"line":19,"column":0},"end":{"line":19,"column":65}},"19":{"start":{"line":20,"column":0},"end":{"line":20,"column":41}},"20":{"start":{"line":21,"column":0},"end":{"line":21,"column":26}},"21":{"start":{"line":22,"column":0},"end":{"line":22,"column":3}},"22":{"start":{"line":23,"column":0},"end":{"line":23,"column":48}},"23":{"start":{"line":24,"column":0},"end":{"line":24,"column":39}},"24":{"start":{"line":25,"column":0},"end":{"line":25,"column":29}},"25":{"start":{"line":26,"column":0},"end":{"line":26,"column":3}},"26":{"start":{"line":27,"column":0},"end":{"line":27,"column":41}},"27":{"start":{"line":28,"column":0},"end":{"line":28,"column":121}},"28":{"start":{"line":29,"column":0},"end":{"line":29,"column":52}},"29":{"start":{"line":30,"column":0},"end":{"line":30,"column":2}},"30":{"start":{"line":31,"column":0},"end":{"line":31,"column":0}},"31":{"start":{"line":32,"column":0},"end":{"line":32,"column":3}},"32":{"start":{"line":33,"column":0},"end":{"line":33,"column":41}},"33":{"start":{"line":34,"column":0},"end":{"line":34,"column":28}},"34":{"start":{"line":35,"column":0},"end":{"line":35,"column":34}},"35":{"start":{"line":36,"column":0},"end":{"line":36,"column":3}},"36":{"start":{"line":37,"column":0},"end":{"line":37,"column":26}},"37":{"start":{"line":38,"column":0},"end":{"line":38,"column":33}},"38":{"start":{"line":39,"column":0},"end":{"line":39,"column":11}},"39":{"start":{"line":40,"column":0},"end":{"line":40,"column":49}},"40":{"start":{"line":41,"column":0},"end":{"line":41,"column":13}},"41":{"start":{"line":42,"column":0},"end":{"line":42,"column":19}},"42":{"start":{"line":43,"column":0},"end":{"line":43,"column":20}},"43":{"start":{"line":44,"column":0},"end":{"line":44,"column":75}},"44":{"start":{"line":45,"column":0},"end":{"line":45,"column":65}},"45":{"start":{"line":46,"column":0},"end":{"line":46,"column":7}},"46":{"start":{"line":47,"column":0},"end":{"line":47,"column":22}},"47":{"start":{"line":48,"column":0},"end":{"line":48,"column":75}},"48":{"start":{"line":49,"column":0},"end":{"line":49,"column":88}},"49":{"start":{"line":50,"column":0},"end":{"line":50,"column":7}},"50":{"start":{"line":51,"column":0},"end":{"line":51,"column":23}},"51":{"start":{"line":52,"column":0},"end":{"line":52,"column":75}},"52":{"start":{"line":53,"column":0},"end":{"line":53,"column":7}},"53":{"start":{"line":54,"column":0},"end":{"line":54,"column":21}},"54":{"start":{"line":55,"column":0},"end":{"line":55,"column":75}},"55":{"start":{"line":56,"column":0},"end":{"line":56,"column":7}},"56":{"start":{"line":57,"column":0},"end":{"line":57,"column":23}},"57":{"start":{"line":58,"column":0},"end":{"line":58,"column":85}},"58":{"start":{"line":59,"column":0},"end":{"line":59,"column":83}},"59":{"start":{"line":60,"column":0},"end":{"line":60,"column":38}},"60":{"start":{"line":61,"column":0},"end":{"line":61,"column":7}},"61":{"start":{"line":62,"column":0},"end":{"line":62,"column":25}},"62":{"start":{"line":63,"column":0},"end":{"line":63,"column":75}},"63":{"start":{"line":64,"column":0},"end":{"line":64,"column":7}},"64":{"start":{"line":65,"column":0},"end":{"line":65,"column":14}},"65":{"start":{"line":66,"column":0},"end":{"line":66,"column":57}},"66":{"start":{"line":67,"column":0},"end":{"line":67,"column":5}},"67":{"start":{"line":68,"column":0},"end":{"line":68,"column":4}},"68":{"start":{"line":69,"column":0},"end":{"line":69,"column":23}},"69":{"start":{"line":70,"column":0},"end":{"line":70,"column":2}}},"s":{"0":1,"1":1,"2":1,"3":1,"4":1,"5":1,"6":1,"7":1,"8":1,"9":1,"10":1,"11":1,"12":1,"13":1,"14":1,"15":1,"16":1,"17":1,"18":1,"19":1,"20":1,"21":1,"22":1,"23":81,"24":60,"25":60,"26":21,"27":21,"28":21,"29":21,"30":1,"31":1,"32":1,"33":1,"34":1,"35":1,"36":1,"37":3,"38":69,"39":69,"40":69,"41":69,"42":69,"43":15,"44":15,"45":15,"46":69,"47":12,"48":12,"49":12,"50":69,"51":6,"52":6,"53":69,"54":15,"55":15,"56":69,"57":12,"58":12,"59":12,"60":12,"61":69,"62":9,"63":9,"64":69,"65":69,"66":69,"67":69,"68":3,"69":3},"branchMap":{"0":{"type":"branch","line":15,"loc":{"start":{"line":15,"column":15},"end":{"line":15,"column":54}},"locations":[{"start":{"line":15,"column":15},"end":{"line":15,"column":54}}]},"1":{"type":"branch","line":23,"loc":{"start":{"line":23,"column":18},"end":{"line":30,"column":2}},"locations":[{"start":{"line":23,"column":18},"end":{"line":30,"column":2}}]},"2":{"type":"branch","line":24,"loc":{"start":{"line":24,"column":38},"end":{"line":26,"column":3}},"locations":[{"start":{"line":24,"column":38},"end":{"line":26,"column":3}}]},"3":{"type":"branch","line":27,"loc":{"start":{"line":27,"column":-1},"end":{"line":30,"column":2}},"locations":[{"start":{"line":27,"column":-1},"end":{"line":30,"column":2}}]},"4":{"type":"branch","line":28,"loc":{"start":{"line":28,"column":27},"end":{"line":28,"column":110}},"locations":[{"start":{"line":28,"column":27},"end":{"line":28,"column":110}}]},"5":{"type":"branch","line":37,"loc":{"start":{"line":37,"column":16},"end":{"line":70,"column":2}},"locations":[{"start":{"line":37,"column":16},"end":{"line":70,"column":2}}]},"6":{"type":"branch","line":38,"loc":{"start":{"line":38,"column":15},"end":{"line":68,"column":4}},"locations":[{"start":{"line":38,"column":15},"end":{"line":68,"column":4}}]},"7":{"type":"branch","line":43,"loc":{"start":{"line":43,"column":6},"end":{"line":46,"column":7}},"locations":[{"start":{"line":43,"column":6},"end":{"line":46,"column":7}}]},"8":{"type":"branch","line":47,"loc":{"start":{"line":47,"column":6},"end":{"line":50,"column":7}},"locations":[{"start":{"line":47,"column":6},"end":{"line":50,"column":7}}]},"9":{"type":"branch","line":51,"loc":{"start":{"line":51,"column":6},"end":{"line":53,"column":7}},"locations":[{"start":{"line":51,"column":6},"end":{"line":53,"column":7}}]},"10":{"type":"branch","line":54,"loc":{"start":{"line":54,"column":6},"end":{"line":56,"column":7}},"locations":[{"start":{"line":54,"column":6},"end":{"line":56,"column":7}}]},"11":{"type":"branch","line":57,"loc":{"start":{"line":57,"column":6},"end":{"line":61,"column":7}},"locations":[{"start":{"line":57,"column":6},"end":{"line":61,"column":7}}]},"12":{"type":"branch","line":62,"loc":{"start":{"line":62,"column":6},"end":{"line":64,"column":7}},"locations":[{"start":{"line":62,"column":6},"end":{"line":64,"column":7}}]},"13":{"type":"branch","line":65,"loc":{"start":{"line":65,"column":6},"end":{"line":66,"column":14}},"locations":[{"start":{"line":65,"column":6},"end":{"line":66,"column":14}}]},"14":{"type":"branch","line":44,"loc":{"start":{"line":44,"column":41},"end":{"line":44,"column":56}},"locations":[{"start":{"line":44,"column":41},"end":{"line":44,"column":56}}]},"15":{"type":"branch","line":48,"loc":{"start":{"line":48,"column":41},"end":{"line":48,"column":56}},"locations":[{"start":{"line":48,"column":41},"end":{"line":48,"column":56}}]}},"b":{"0":[141],"1":[81],"2":[60],"3":[21],"4":[27],"5":[3],"6":[69],"7":[15],"8":[12],"9":[6],"10":[15],"11":[12],"12":[9],"13":[0],"14":[54],"15":[12]},"fnMap":{"0":{"name":"offset","decl":{"start":{"line":15,"column":15},"end":{"line":15,"column":54}},"loc":{"start":{"line":15,"column":15},"end":{"line":15,"column":54}},"line":15},"1":{"name":"stringify","decl":{"start":{"line":23,"column":18},"end":{"line":30,"column":2}},"loc":{"start":{"line":23,"column":18},"end":{"line":30,"column":2}},"line":23},"2":{"name":"default","decl":{"start":{"line":37,"column":16},"end":{"line":70,"column":2}},"loc":{"start":{"line":37,"column":16},"end":{"line":70,"column":2}},"line":37},"3":{"name":"iter","decl":{"start":{"line":38,"column":15},"end":{"line":68,"column":4}},"loc":{"start":{"line":38,"column":15},"end":{"line":68,"column":4}},"line":38}},"f":{"0":141,"1":81,"2":3,"3":69}}
,"/Users/aleksejpopov/Desktop/frontend-project-lvl2/src/index.js": {"path":"/Users/aleksejpopov/Desktop/frontend-project-lvl2/src/index.js","all":false,"statementMap":{"0":{"start":{"line":1,"column":0},"end":{"line":1,"column":24}},"1":{"start":{"line":2,"column":0},"end":{"line":2,"column":34}},"2":{"start":{"line":3,"column":0},"end":{"line":3,"column":34}},"3":{"start":{"line":4,"column":0},"end":{"line":4,"column":33}},"4":{"start":{"line":5,"column":0},"end":{"line":5,"column":44}},"5":{"start":{"line":6,"column":0},"end":{"line":6,"column":0}},"6":{"start":{"line":7,"column":0},"end":{"line":7,"column":67}},"7":{"start":{"line":8,"column":0},"end":{"line":8,"column":45}},"8":{"start":{"line":9,"column":0},"end":{"line":9,"column":45}},"9":{"start":{"line":10,"column":0},"end":{"line":10,"column":0}},"10":{"start":{"line":11,"column":0},"end":{"line":11,"column":55}},"11":{"start":{"line":12,"column":0},"end":{"line":12,"column":55}},"12":{"start":{"line":13,"column":0},"end":{"line":13,"column":0}},"13":{"start":{"line":14,"column":0},"end":{"line":14,"column":45}},"14":{"start":{"line":15,"column":0},"end":{"line":15,"column":40}},"15":{"start":{"line":16,"column":0},"end":{"line":16,"column":2}},"16":{"start":{"line":17,"column":0},"end":{"line":17,"column":0}},"17":{"start":{"line":18,"column":0},"end":{"line":18,"column":23}}},"s":{"0":1,"1":1,"2":1,"3":1,"4":1,"5":1,"6":1,"7":3,"8":3,"9":3,"10":3,"11":3,"12":3,"13":3,"14":3,"15":3,"16":1,"17":1},"branchMap":{"0":{"type":"branch","line":7,"loc":{"start":{"line":7,"column":16},"end":{"line":16,"column":2}},"locations":[{"start":{"line":7,"column":16},"end":{"line":16,"column":2}}]}},"b":{"0":[3]},"fnMap":{"0":{"name":"genDiff","decl":{"start":{"line":7,"column":16},"end":{"line":16,"column":2}},"loc":{"start":{"line":7,"column":16},"end":{"line":16,"column":2}},"line":7}},"f":{"0":3}}
,"/Users/aleksejpopov/Desktop/frontend-project-lvl2/src/parsers.js": {"path":"/Users/aleksejpopov/Desktop/frontend-project-lvl2/src/parsers.js","all":false,"statementMap":{"0":{"start":{"line":1,"column":0},"end":{"line":1,"column":31}},"1":{"start":{"line":2,"column":0},"end":{"line":2,"column":0}},"2":{"start":{"line":3,"column":0},"end":{"line":3,"column":3}},"3":{"start":{"line":4,"column":0},"end":{"line":4,"column":34}},"4":{"start":{"line":5,"column":0},"end":{"line":5,"column":63}},"5":{"start":{"line":6,"column":0},"end":{"line":6,"column":62}},"6":{"start":{"line":7,"column":0},"end":{"line":7,"column":3}},"7":{"start":{"line":8,"column":0},"end":{"line":8,"column":40}},"8":{"start":{"line":9,"column":0},"end":{"line":9,"column":22}},"9":{"start":{"line":10,"column":0},"end":{"line":10,"column":17}},"10":{"start":{"line":11,"column":0},"end":{"line":11,"column":33}},"11":{"start":{"line":12,"column":0},"end":{"line":12,"column":17}},"12":{"start":{"line":13,"column":0},"end":{"line":13,"column":27}},"13":{"start":{"line":14,"column":0},"end":{"line":14,"column":16}},"14":{"start":{"line":15,"column":0},"end":{"line":15,"column":27}},"15":{"start":{"line":16,"column":0},"end":{"line":16,"column":12}},"16":{"start":{"line":17,"column":0},"end":{"line":17,"column":54}},"17":{"start":{"line":18,"column":0},"end":{"line":18,"column":3}},"18":{"start":{"line":19,"column":0},"end":{"line":19,"column":2}}},"s":{"0":1,"1":1,"2":1,"3":1,"4":1,"5":1,"6":1,"7":1,"8":6,"9":6,"10":6,"11":6,"12":6,"13":6,"14":6,"15":6,"16":6,"17":6,"18":6},"branchMap":{"0":{"type":"branch","line":8,"loc":{"start":{"line":8,"column":15},"end":{"line":19,"column":2}},"locations":[{"start":{"line":8,"column":15},"end":{"line":19,"column":2}}]},"1":{"type":"branch","line":10,"loc":{"start":{"line":10,"column":4},"end":{"line":11,"column":13}},"locations":[{"start":{"line":10,"column":4},"end":{"line":11,"column":13}}]},"2":{"type":"branch","line":12,"loc":{"start":{"line":12,"column":4},"end":{"line":13,"column":13}},"locations":[{"start":{"line":12,"column":4},"end":{"line":13,"column":13}}]},"3":{"type":"branch","line":14,"loc":{"start":{"line":14,"column":4},"end":{"line":15,"column":13}},"locations":[{"start":{"line":14,"column":4},"end":{"line":15,"column":13}}]},"4":{"type":"branch","line":16,"loc":{"start":{"line":16,"column":4},"end":{"line":17,"column":12}},"locations":[{"start":{"line":16,"column":4},"end":{"line":17,"column":12}}]}},"b":{"0":[6],"1":[2],"2":[2],"3":[2],"4":[0]},"fnMap":{"0":{"name":"default","decl":{"start":{"line":8,"column":15},"end":{"line":19,"column":2}},"loc":{"start":{"line":8,"column":15},"end":{"line":19,"column":2}},"line":8}},"f":{"0":6}}
,"/Users/aleksejpopov/Desktop/frontend-project-lvl2/src/tree.js": {"path":"/Users/aleksejpopov/Desktop/frontend-project-lvl2/src/tree.js","all":false,"statementMap":{"0":{"start":{"line":1,"column":0},"end":{"line":1,"column":23}},"1":{"start":{"line":2,"column":0},"end":{"line":2,"column":0}},"2":{"start":{"line":3,"column":0},"end":{"line":3,"column":3}},"3":{"start":{"line":4,"column":0},"end":{"line":4,"column":45}},"4":{"start":{"line":5,"column":0},"end":{"line":5,"column":37}},"5":{"start":{"line":6,"column":0},"end":{"line":6,"column":39}},"6":{"start":{"line":7,"column":0},"end":{"line":7,"column":25}},"7":{"start":{"line":8,"column":0},"end":{"line":8,"column":3}},"8":{"start":{"line":9,"column":0},"end":{"line":9,"column":38}},"9":{"start":{"line":10,"column":0},"end":{"line":10,"column":35}},"10":{"start":{"line":11,"column":0},"end":{"line":11,"column":36}},"11":{"start":{"line":12,"column":0},"end":{"line":12,"column":53}},"12":{"start":{"line":13,"column":0},"end":{"line":13,"column":42}},"13":{"start":{"line":14,"column":0},"end":{"line":14,"column":70}},"14":{"start":{"line":15,"column":0},"end":{"line":15,"column":85}},"15":{"start":{"line":16,"column":0},"end":{"line":16,"column":5}},"16":{"start":{"line":17,"column":0},"end":{"line":17,"column":34}},"17":{"start":{"line":18,"column":0},"end":{"line":18,"column":56}},"18":{"start":{"line":19,"column":0},"end":{"line":19,"column":5}},"19":{"start":{"line":20,"column":0},"end":{"line":20,"column":34}},"20":{"start":{"line":21,"column":0},"end":{"line":21,"column":57}},"21":{"start":{"line":22,"column":0},"end":{"line":22,"column":5}},"22":{"start":{"line":23,"column":0},"end":{"line":23,"column":37}},"23":{"start":{"line":24,"column":0},"end":{"line":24,"column":59}},"24":{"start":{"line":25,"column":0},"end":{"line":25,"column":5}},"25":{"start":{"line":26,"column":0},"end":{"line":26,"column":12}},"26":{"start":{"line":27,"column":0},"end":{"line":27,"column":68}},"27":{"start":{"line":28,"column":0},"end":{"line":28,"column":6}},"28":{"start":{"line":29,"column":0},"end":{"line":29,"column":5}},"29":{"start":{"line":30,"column":0},"end":{"line":30,"column":10}},"30":{"start":{"line":31,"column":0},"end":{"line":31,"column":17}},"31":{"start":{"line":32,"column":0},"end":{"line":32,"column":21}},"32":{"start":{"line":33,"column":0},"end":{"line":33,"column":4}},"33":{"start":{"line":34,"column":0},"end":{"line":34,"column":2}},"34":{"start":{"line":35,"column":0},"end":{"line":35,"column":0}},"35":{"start":{"line":36,"column":0},"end":{"line":36,"column":25}}},"s":{"0":1,"1":1,"2":1,"3":1,"4":1,"5":1,"6":1,"7":1,"8":1,"9":15,"10":15,"11":15,"12":15,"13":54,"14":12,"15":12,"16":54,"17":15,"18":15,"19":54,"20":6,"21":6,"22":54,"23":9,"24":9,"25":12,"26":12,"27":12,"28":12,"29":15,"30":15,"31":15,"32":15,"33":15,"34":1,"35":1},"branchMap":{"0":{"type":"branch","line":9,"loc":{"start":{"line":9,"column":18},"end":{"line":34,"column":2}},"locations":[{"start":{"line":9,"column":18},"end":{"line":34,"column":2}}]},"1":{"type":"branch","line":13,"loc":{"start":{"line":13,"column":33},"end":{"line":29,"column":5}},"locations":[{"start":{"line":13,"column":33},"end":{"line":29,"column":5}}]},"2":{"type":"branch","line":14,"loc":{"start":{"line":14,"column":8},"end":{"line":14,"column":40}},"locations":[{"start":{"line":14,"column":8},"end":{"line":14,"column":40}}]},"3":{"type":"branch","line":14,"loc":{"start":{"line":14,"column":69},"end":{"line":16,"column":5}},"locations":[{"start":{"line":14,"column":69},"end":{"line":16,"column":5}}]},"4":{"type":"branch","line":17,"loc":{"start":{"line":17,"column":-1},"end":{"line":17,"column":8}},"locations":[{"start":{"line":17,"column":-1},"end":{"line":17,"column":8}}]},"5":{"type":"branch","line":17,"loc":{"start":{"line":17,"column":33},"end":{"line":19,"column":5}},"locations":[{"start":{"line":17,"column":33},"end":{"line":19,"column":5}}]},"6":{"type":"branch","line":20,"loc":{"start":{"line":20,"column":33},"end":{"line":22,"column":5}},"locations":[{"start":{"line":20,"column":33},"end":{"line":22,"column":5}}]},"7":{"type":"branch","line":23,"loc":{"start":{"line":23,"column":-1},"end":{"line":23,"column":8}},"locations":[{"start":{"line":23,"column":-1},"end":{"line":23,"column":8}}]},"8":{"type":"branch","line":23,"loc":{"start":{"line":23,"column":36},"end":{"line":25,"column":5}},"locations":[{"start":{"line":23,"column":36},"end":{"line":25,"column":5}}]},"9":{"type":"branch","line":26,"loc":{"start":{"line":26,"column":-1},"end":{"line":29,"column":5}},"locations":[{"start":{"line":26,"column":-1},"end":{"line":29,"column":5}}]}},"b":{"0":[15],"1":[54],"2":[18],"3":[12],"4":[42],"5":[15],"6":[6],"7":[21],"8":[9],"9":[12]},"fnMap":{"0":{"name":"buildTree","decl":{"start":{"line":9,"column":18},"end":{"line":34,"column":2}},"loc":{"start":{"line":9,"column":18},"end":{"line":34,"column":2}},"line":9}},"f":{"0":15}}
,"/Users/aleksejpopov/Desktop/frontend-project-lvl2/src/utils.js": {"path":"/Users/aleksejpopov/Desktop/frontend-project-lvl2/src/utils.js","all":false,"statementMap":{"0":{"start":{"line":1,"column":0},"end":{"line":1,"column":24}},"1":{"start":{"line":2,"column":0},"end":{"line":2,"column":34}},"2":{"start":{"line":3,"column":0},"end":{"line":3,"column":36}},"3":{"start":{"line":4,"column":0},"end":{"line":4,"column":0}},"4":{"start":{"line":5,"column":0},"end":{"line":5,"column":50}},"5":{"start":{"line":6,"column":0},"end":{"line":6,"column":43}},"6":{"start":{"line":7,"column":0},"end":{"line":7,"column":0}},"7":{"start":{"line":8,"column":0},"end":{"line":8,"column":3}},"8":{"start":{"line":9,"column":0},"end":{"line":9,"column":36}},"9":{"start":{"line":10,"column":0},"end":{"line":10,"column":40}},"10":{"start":{"line":11,"column":0},"end":{"line":11,"column":37}},"11":{"start":{"line":12,"column":0},"end":{"line":12,"column":11}},"12":{"start":{"line":13,"column":0},"end":{"line":13,"column":65}},"13":{"start":{"line":14,"column":0},"end":{"line":14,"column":3}},"14":{"start":{"line":15,"column":0},"end":{"line":15,"column":90}},"15":{"start":{"line":16,"column":0},"end":{"line":16,"column":0}},"16":{"start":{"line":17,"column":0},"end":{"line":17,"column":3}},"17":{"start":{"line":18,"column":0},"end":{"line":18,"column":37}},"18":{"start":{"line":19,"column":0},"end":{"line":19,"column":40}},"19":{"start":{"line":20,"column":0},"end":{"line":20,"column":3}},"20":{"start":{"line":21,"column":0},"end":{"line":21,"column":77}}},"s":{"0":1,"1":1,"2":1,"3":1,"4":1,"5":1,"6":1,"7":1,"8":1,"9":1,"10":1,"11":1,"12":1,"13":1,"14":1,"15":1,"16":1,"17":1,"18":1,"19":1,"20":1},"branchMap":{"0":{"type":"branch","line":15,"loc":{"start":{"line":15,"column":24},"end":{"line":15,"column":41}},"locations":[{"start":{"line":15,"column":24},"end":{"line":15,"column":41}}]},"1":{"type":"branch","line":21,"loc":{"start":{"line":21,"column":16},"end":{"line":21,"column":42}},"locations":[{"start":{"line":21,"column":16},"end":{"line":21,"column":42}}]}},"b":{"0":[9],"1":[9]},"fnMap":{"0":{"name":"getFixturePath","decl":{"start":{"line":15,"column":24},"end":{"line":15,"column":41}},"loc":{"start":{"line":15,"column":24},"end":{"line":15,"column":41}},"line":15},"1":{"name":"default","decl":{"start":{"line":21,"column":16},"end":{"line":21,"column":42}},"loc":{"start":{"line":21,"column":16},"end":{"line":21,"column":42}},"line":21}},"f":{"0":9,"1":9}}
}
