TN:
SF:formatters/index.js
FN:8,default
FNF:1
FNH:1
FNDA:3,default
DA:1,1
DA:2,1
DA:3,1
DA:4,1
DA:5,1
DA:6,1
DA:7,1
DA:8,1
DA:9,3
DA:10,3
DA:11,3
DA:12,3
DA:13,3
LF:13
LH:13
BRDA:8,0,0,3
BRF:1
BRH:1
end_of_record
TN:
SF:formatters/stylish.js
FN:15,offset
FN:23,stringify
FN:37,default
FN:38,iter
FNF:4
FNH:4
FNDA:141,offset
FNDA:81,stringify
FNDA:3,default
FNDA:69,iter
DA:1,1
DA:2,1
DA:3,1
DA:4,1
DA:5,1
DA:6,1
DA:7,1
DA:8,1
DA:9,1
DA:10,1
DA:11,1
DA:12,1
DA:13,1
DA:14,1
DA:15,1
DA:16,1
DA:17,1
DA:18,1
DA:19,1
DA:20,1
DA:21,1
DA:22,1
DA:23,1
DA:24,81
DA:25,60
DA:26,60
DA:27,21
DA:28,21
DA:29,21
DA:30,21
DA:31,1
DA:32,1
DA:33,1
DA:34,1
DA:35,1
DA:36,1
DA:37,1
DA:38,3
DA:39,69
DA:40,69
DA:41,69
DA:42,69
DA:43,69
DA:44,15
DA:45,15
DA:46,15
DA:47,69
DA:48,12
DA:49,12
DA:50,12
DA:51,69
DA:52,6
DA:53,6
DA:54,69
DA:55,15
DA:56,15
DA:57,69
DA:58,12
DA:59,12
DA:60,12
DA:61,12
DA:62,69
DA:63,9
DA:64,9
DA:65,69
DA:66,69
DA:67,69
DA:68,69
DA:69,3
DA:70,3
LF:70
LH:70
BRDA:15,0,0,141
BRDA:23,1,0,81
BRDA:24,2,0,60
BRDA:27,3,0,21
BRDA:28,4,0,27
BRDA:37,5,0,3
BRDA:38,6,0,69
BRDA:43,7,0,15
BRDA:47,8,0,12
BRDA:51,9,0,6
BRDA:54,10,0,15
BRDA:57,11,0,12
BRDA:62,12,0,9
BRDA:65,13,0,0
BRDA:44,14,0,54
BRDA:48,15,0,12
BRF:16
BRH:15
end_of_record
TN:
SF:src/index.js
FN:7,genDiff
FNF:1
FNH:1
FNDA:3,genDiff
DA:1,1
DA:2,1
DA:3,1
DA:4,1
DA:5,1
DA:6,1
DA:7,1
DA:8,3
DA:9,3
DA:10,3
DA:11,3
DA:12,3
DA:13,3
DA:14,3
DA:15,3
DA:16,3
DA:17,1
DA:18,1
LF:18
LH:18
BRDA:7,0,0,3
BRF:1
BRH:1
end_of_record
TN:
SF:src/parsers.js
FN:8,default
FNF:1
FNH:1
FNDA:6,default
DA:1,1
DA:2,1
DA:3,1
DA:4,1
DA:5,1
DA:6,1
DA:7,1
DA:8,1
DA:9,6
DA:10,6
DA:11,6
DA:12,6
DA:13,6
DA:14,6
DA:15,6
DA:16,6
DA:17,6
DA:18,6
DA:19,6
LF:19
LH:19
BRDA:8,0,0,6
BRDA:10,1,0,2
BRDA:12,2,0,2
BRDA:14,3,0,2
BRDA:16,4,0,0
BRF:5
BRH:4
end_of_record
TN:
SF:src/tree.js
FN:9,buildTree
FNF:1
FNH:1
FNDA:15,buildTree
DA:1,1
DA:2,1
DA:3,1
DA:4,1
DA:5,1
DA:6,1
DA:7,1
DA:8,1
DA:9,1
DA:10,15
DA:11,15
DA:12,15
DA:13,15
DA:14,54
DA:15,12
DA:16,12
DA:17,54
DA:18,15
DA:19,15
DA:20,54
DA:21,6
DA:22,6
DA:23,54
DA:24,9
DA:25,9
DA:26,12
DA:27,12
DA:28,12
DA:29,12
DA:30,15
DA:31,15
DA:32,15
DA:33,15
DA:34,15
DA:35,1
DA:36,1
LF:36
LH:36
BRDA:9,0,0,15
BRDA:13,1,0,54
BRDA:14,2,0,18
BRDA:14,3,0,12
BRDA:17,4,0,42
BRDA:17,5,0,15
BRDA:20,6,0,6
BRDA:23,7,0,21
BRDA:23,8,0,9
BRDA:26,9,0,12
BRF:10
BRH:10
end_of_record
TN:
SF:src/utils.js
FN:15,getFixturePath
FN:21,default
FNF:2
FNH:2
FNDA:9,getFixturePath
FNDA:9,default
DA:1,1
DA:2,1
DA:3,1
DA:4,1
DA:5,1
DA:6,1
DA:7,1
DA:8,1
DA:9,1
DA:10,1
DA:11,1
DA:12,1
DA:13,1
DA:14,1
DA:15,1
DA:16,1
DA:17,1
DA:18,1
DA:19,1
DA:20,1
DA:21,1
LF:21
LH:21
BRDA:15,0,0,9
BRDA:21,1,0,9
BRF:2
BRH:2
end_of_record
